[+] Containers:
 |- [+] Container: /Game/?
 |   |- [+] ActorDescs:
 |   |   |- Guid:5368FABB47D6D9580DAECA8B0417BF92 NativeClass:/Script/Engine.WorldDataLayers Name:WorldDataLayers Label:WorldDataLayers-1 SpatiallyLoaded:false EditorBounds:IsValid=false, Min=(X=0.000 Y=0.000 Z=0.000), Max=(X=0.000 Y=0.000 Z=0.000) RuntimeBounds:IsValid=false, Min=(X=0.000 Y=0.000 Z=0.000), Max=(X=0.000 Y=0.000 Z=0.000) RuntimeGrid:None EditorOnly:false RuntimeOnly:false HLODRelevant:false ListedInSceneOutliner:true IsMainWorldOnly:true
 |   |- [+] Clusters:
 |   |   |- [+] [  0]
 |   |   |   |- Guid:5368FABB47D6D9580DAECA8B0417BF92 NativeClass:/Script/Engine.WorldDataLayers Name:WorldDataLayers Label:WorldDataLayers-1 SpatiallyLoaded:false EditorBounds:IsValid=false, Min=(X=0.000 Y=0.000 Z=0.000), Max=(X=0.000 Y=0.000 Z=0.000) RuntimeBounds:IsValid=false, Min=(X=0.000 Y=0.000 Z=0.000), Max=(X=0.000 Y=0.000 Z=0.000) RuntimeGrid:None EditorOnly:false RuntimeOnly:false HLODRelevant:false ListedInSceneOutliner:true IsMainWorldOnly:true
 |- ContainerInstances:
 |- [+] MainContainer:
 |   |-        ID: 00000000000000000000000000000000
 |   |-  ParentID: 00000000000000000000000000000000
 |   |-    Bounds: IsValid=false, Min=(X=0.000 Y=0.000 Z=0.000), Max=(X=0.000 Y=0.000 Z=0.000)
 |   |- Transform: 0.000000,0.000000,0.000000|0.000000,0.000000,-0.000000|1.000000,1.000000,1.000000
 |   |- Container: /Game/?
----------------------------------------------------------------------------------------------------------------
? - Persistent Level
----------------------------------------------------------------------------------------------------------------
[+] Content of ? Persistent Level
 |- Always loaded Actor Count: 1 
 |- Actor Path: /Game/?.?:PersistentLevel.WorldDataLayers
 |- Actor Package: /Game/__ExternalActors__/?/6/54/IA584AF2D2K9QGWTQJ7H4R

----------------------------------------------------------------------------------------------------------------
? - Runtime Hash Set
----------------------------------------------------------------------------------------------------------------

